[INFO] Error stacktraces are turned on.
[INFO] Scanning for projects...
[INFO] 
[INFO] -------------------< org.example:Gestion_de_budget >--------------------
[INFO] Building Gestion_de_budget 0.0.1-SNAPSHOT
[INFO]   from pom.xml
[INFO] --------------------------------[ jar ]---------------------------------
[INFO] 
[INFO] --- clean:3.5.0:clean (default-clean) @ Gestion_de_budget ---
[INFO] Deleting C:\Users\User\OneDrive\Desktop\Architucture Micro Service\Gestion_de_budget\target
[INFO] 
[INFO] --- resources:3.3.1:resources (default-resources) @ Gestion_de_budget ---
[INFO] Copying 1 resource from src\main\resources to target\classes
[INFO] Copying 0 resource from src\main\resources to target\classes
[INFO] 
[INFO] --- compiler:3.14.1:compile (default-compile) @ Gestion_de_budget ---
[INFO] Recompiling the module because of changed source code.
[INFO] Compiling 24 source files with javac [debug parameters release 21] to target\classes
[INFO] -------------------------------------------------------------
[ERROR] COMPILATION ERROR : 
[INFO] -------------------------------------------------------------
[ERROR] /C:/Users/User/OneDrive/Desktop/Architucture Micro Service/Gestion_de_budget/src/main/java/org/example/gestion_de_budget/Data/DataInitializer.java:[3,43] cannot access org.example.gestion_de_budget.model.CATEGORY
  bad source file: C:\Users\User\OneDrive\Desktop\Architucture Micro Service\Gestion_de_budget\src\main\java\org\example\gestion_de_budget\model\CATEGORY.java
    file does not contain class org.example.gestion_de_budget.model.CATEGORY
    Please remove or make sure it appears in the correct subdirectory of the sourcepath.
[ERROR] /C:/Users/User/OneDrive/Desktop/Architucture Micro Service/Gestion_de_budget/src/main/java/org/example/gestion_de_budget/model/CATEGORY.java:[20,8] class Category is public, should be declared in a file named Category.java
[ERROR] /C:/Users/User/OneDrive/Desktop/Architucture Micro Service/Gestion_de_budget/src/main/java/org/example/gestion_de_budget/service/MonthlyDepenseService.java:[57,43] cannot find symbol
  symbol:   method getDate()
  location: variable depense of type org.example.gestion_de_budget.model.Depense
[ERROR] /C:/Users/User/OneDrive/Desktop/Architucture Micro Service/Gestion_de_budget/src/main/java/org/example/gestion_de_budget/service/MonthlyDepenseService.java:[60,33] invalid method reference
  cannot find symbol
    symbol:   method getDate()
    location: class org.example.gestion_de_budget.model.Depense
[ERROR] /C:/Users/User/OneDrive/Desktop/Architucture Micro Service/Gestion_de_budget/src/main/java/org/example/gestion_de_budget/service/MonthlyDepenseService.java:[61,58] invalid method reference
  cannot find symbol
    symbol:   method getDepense()
    location: class org.example.gestion_de_budget.model.Depense
[ERROR] /C:/Users/User/OneDrive/Desktop/Architucture Micro Service/Gestion_de_budget/src/main/java/org/example/gestion_de_budget/service/MonthlyDepenseService.java:[96,24] cannot find symbol
  symbol:   method getDate()
  location: variable depense of type org.example.gestion_de_budget.model.Depense
[ERROR] /C:/Users/User/OneDrive/Desktop/Architucture Micro Service/Gestion_de_budget/src/main/java/org/example/gestion_de_budget/service/MonthlyDepenseService.java:[96,53] cannot find symbol
  symbol:   method getDate()
  location: variable depense of type org.example.gestion_de_budget.model.Depense
[ERROR] /C:/Users/User/OneDrive/Desktop/Architucture Micro Service/Gestion_de_budget/src/main/java/org/example/gestion_de_budget/service/TransactionService.java:[52,20] cannot find symbol
  symbol:   method setUser(org.example.gestion_de_budget.model.User)
  location: variable transaction of type org.example.gestion_de_budget.model.Transaction
[ERROR] /C:/Users/User/OneDrive/Desktop/Architucture Micro Service/Gestion_de_budget/src/main/java/org/example/gestion_de_budget/service/TransactionService.java:[61,20] cannot find symbol
  symbol:   method getTransactions()
  location: variable user of type org.example.gestion_de_budget.model.User
[ERROR] /C:/Users/User/OneDrive/Desktop/Architucture Micro Service/Gestion_de_budget/src/main/java/org/example/gestion_de_budget/service/TransactionService.java:[67,31] cannot find symbol
  symbol:   method getTransactions()
  location: variable user of type org.example.gestion_de_budget.model.User
[ERROR] /C:/Users/User/OneDrive/Desktop/Architucture Micro Service/Gestion_de_budget/src/main/java/org/example/gestion_de_budget/service/TransactionService.java:[69,22] invalid method reference
  cannot find symbol
    symbol:   method getAmount()
    location: class org.example.gestion_de_budget.model.Transaction
[ERROR] /C:/Users/User/OneDrive/Desktop/Architucture Micro Service/Gestion_de_budget/src/main/java/org/example/gestion_de_budget/service/TransactionService.java:[71,65] cannot find symbol
  symbol:   method getTransactions()
  location: variable user of type org.example.gestion_de_budget.model.User
[ERROR] /C:/Users/User/OneDrive/Desktop/Architucture Micro Service/Gestion_de_budget/src/main/java/org/example/gestion_de_budget/service/SalaryService.java:[24,16] cannot find symbol
  symbol:   method setUser(org.example.gestion_de_budget.model.User)
  location: variable salary of type org.example.gestion_de_budget.model.Salary
[ERROR] /C:/Users/User/OneDrive/Desktop/Architucture Micro Service/Gestion_de_budget/src/main/java/org/example/gestion_de_budget/service/SalaryService.java:[32,15] cannot find symbol
  symbol:   method setAmount(java.math.BigDecimal)
  location: variable salary of type org.example.gestion_de_budget.model.Salary
[ERROR] /C:/Users/User/OneDrive/Desktop/Architucture Micro Service/Gestion_de_budget/src/main/java/org/example/gestion_de_budget/service/SalaryService.java:[33,15] cannot find symbol
  symbol:   method setDescription(java.lang.String)
  location: variable salary of type org.example.gestion_de_budget.model.Salary
[ERROR] /C:/Users/User/OneDrive/Desktop/Architucture Micro Service/Gestion_de_budget/src/main/java/org/example/gestion_de_budget/service/SalaryService.java:[34,15] cannot find symbol
  symbol:   method setUser(org.example.gestion_de_budget.model.User)
  location: variable salary of type org.example.gestion_de_budget.model.Salary
[ERROR] /C:/Users/User/OneDrive/Desktop/Architucture Micro Service/Gestion_de_budget/src/main/java/org/example/gestion_de_budget/service/SalaryService.java:[35,15] cannot find symbol
  symbol:   method setDate(java.time.LocalDate)
  location: variable salary of type org.example.gestion_de_budget.model.Salary
[ERROR] /C:/Users/User/OneDrive/Desktop/Architucture Micro Service/Gestion_de_budget/src/main/java/org/example/gestion_de_budget/service/SalaryService.java:[43,22] invalid method reference
  cannot find symbol
    symbol:   method getAmount()
    location: class org.example.gestion_de_budget.model.Salary
[ERROR] /C:/Users/User/OneDrive/Desktop/Architucture Micro Service/Gestion_de_budget/src/main/java/org/example/gestion_de_budget/service/SalaryService.java:[49,15] cannot find symbol
  symbol:   method setRemainingSalary(java.math.BigDecimal)
  location: variable salary of type org.example.gestion_de_budget.model.Salary
[ERROR] /C:/Users/User/OneDrive/Desktop/Architucture Micro Service/Gestion_de_budget/src/main/java/org/example/gestion_de_budget/service/CategoryService.java:[34,41] cannot find symbol
  symbol:   method getName()
  location: variable categoryDetails of type org.example.gestion_de_budget.model.Category
[ERROR] /C:/Users/User/OneDrive/Desktop/Architucture Micro Service/Gestion_de_budget/src/main/java/org/example/gestion_de_budget/service/CategoryService.java:[35,41] cannot find symbol
  symbol:   method getType()
  location: variable categoryDetails of type org.example.gestion_de_budget.model.Category
[ERROR] /C:/Users/User/OneDrive/Desktop/Architucture Micro Service/Gestion_de_budget/src/main/java/org/example/gestion_de_budget/service/CategoryService.java:[45,36] cannot find symbol
  symbol:   method getMonthlyLimit()
  location: variable category of type org.example.gestion_de_budget.model.Category
[INFO] 22 errors 
[INFO] -------------------------------------------------------------
[INFO] ------------------------------------------------------------------------
[INFO] BUILD FAILURE
[INFO] ------------------------------------------------------------------------
[INFO] Total time:  2.693 s
[INFO] Finished at: 2026-01-22T19:50:33Z
[INFO] ------------------------------------------------------------------------
[ERROR] Failed to execute goal org.apache.maven.plugins:maven-compiler-plugin:3.14.1:compile (default-compile) on project Gestion_de_budget: Compilation failure: Compilation failure: 
[ERROR] /C:/Users/User/OneDrive/Desktop/Architucture Micro Service/Gestion_de_budget/src/main/java/org/example/gestion_de_budget/Data/DataInitializer.java:[3,43] cannot access org.example.gestion_de_budget.model.CATEGORY
[ERROR]   bad source file: C:\Users\User\OneDrive\Desktop\Architucture Micro Service\Gestion_de_budget\src\main\java\org\example\gestion_de_budget\model\CATEGORY.java
[ERROR]     file does not contain class org.example.gestion_de_budget.model.CATEGORY
[ERROR]     Please remove or make sure it appears in the correct subdirectory of the sourcepath.
[ERROR] /C:/Users/User/OneDrive/Desktop/Architucture Micro Service/Gestion_de_budget/src/main/java/org/example/gestion_de_budget/model/CATEGORY.java:[20,8] class Category is public, should be declared in a file named Category.java
[ERROR] /C:/Users/User/OneDrive/Desktop/Architucture Micro Service/Gestion_de_budget/src/main/java/org/example/gestion_de_budget/service/MonthlyDepenseService.java:[57,43] cannot find symbol
[ERROR]   symbol:   method getDate()
[ERROR]   location: variable depense of type org.example.gestion_de_budget.model.Depense
[ERROR] /C:/Users/User/OneDrive/Desktop/Architucture Micro Service/Gestion_de_budget/src/main/java/org/example/gestion_de_budget/service/MonthlyDepenseService.java:[60,33] invalid method reference
[ERROR]   cannot find symbol
[ERROR]     symbol:   method getDate()
[ERROR]     location: class org.example.gestion_de_budget.model.Depense
[ERROR] /C:/Users/User/OneDrive/Desktop/Architucture Micro Service/Gestion_de_budget/src/main/java/org/example/gestion_de_budget/service/MonthlyDepenseService.java:[61,58] invalid method reference
[ERROR]   cannot find symbol
[ERROR]     symbol:   method getDepense()
[ERROR]     location: class org.example.gestion_de_budget.model.Depense
[ERROR] /C:/Users/User/OneDrive/Desktop/Architucture Micro Service/Gestion_de_budget/src/main/java/org/example/gestion_de_budget/service/MonthlyDepenseService.java:[96,24] cannot find symbol
[ERROR]   symbol:   method getDate()
[ERROR]   location: variable depense of type org.example.gestion_de_budget.model.Depense
[ERROR] /C:/Users/User/OneDrive/Desktop/Architucture Micro Service/Gestion_de_budget/src/main/java/org/example/gestion_de_budget/service/MonthlyDepenseService.java:[96,53] cannot find symbol
[ERROR]   symbol:   method getDate()
[ERROR]   location: variable depense of type org.example.gestion_de_budget.model.Depense
[ERROR] /C:/Users/User/OneDrive/Desktop/Architucture Micro Service/Gestion_de_budget/src/main/java/org/example/gestion_de_budget/service/TransactionService.java:[52,20] cannot find symbol
[ERROR]   symbol:   method setUser(org.example.gestion_de_budget.model.User)
[ERROR]   location: variable transaction of type org.example.gestion_de_budget.model.Transaction
[ERROR] /C:/Users/User/OneDrive/Desktop/Architucture Micro Service/Gestion_de_budget/src/main/java/org/example/gestion_de_budget/service/TransactionService.java:[61,20] cannot find symbol
[ERROR]   symbol:   method getTransactions()
[ERROR]   location: variable user of type org.example.gestion_de_budget.model.User
[ERROR] /C:/Users/User/OneDrive/Desktop/Architucture Micro Service/Gestion_de_budget/src/main/java/org/example/gestion_de_budget/service/TransactionService.java:[67,31] cannot find symbol
[ERROR]   symbol:   method getTransactions()
[ERROR]   location: variable user of type org.example.gestion_de_budget.model.User
[ERROR] /C:/Users/User/OneDrive/Desktop/Architucture Micro Service/Gestion_de_budget/src/main/java/org/example/gestion_de_budget/service/TransactionService.java:[69,22] invalid method reference
[ERROR]   cannot find symbol
[ERROR]     symbol:   method getAmount()
[ERROR]     location: class org.example.gestion_de_budget.model.Transaction
[ERROR] /C:/Users/User/OneDrive/Desktop/Architucture Micro Service/Gestion_de_budget/src/main/java/org/example/gestion_de_budget/service/TransactionService.java:[71,65] cannot find symbol
[ERROR]   symbol:   method getTransactions()
[ERROR]   location: variable user of type org.example.gestion_de_budget.model.User
[ERROR] /C:/Users/User/OneDrive/Desktop/Architucture Micro Service/Gestion_de_budget/src/main/java/org/example/gestion_de_budget/service/SalaryService.java:[24,16] cannot find symbol
[ERROR]   symbol:   method setUser(org.example.gestion_de_budget.model.User)
[ERROR]   location: variable salary of type org.example.gestion_de_budget.model.Salary
[ERROR] /C:/Users/User/OneDrive/Desktop/Architucture Micro Service/Gestion_de_budget/src/main/java/org/example/gestion_de_budget/service/SalaryService.java:[32,15] cannot find symbol
[ERROR]   symbol:   method setAmount(java.math.BigDecimal)
[ERROR]   location: variable salary of type org.example.gestion_de_budget.model.Salary
[ERROR] /C:/Users/User/OneDrive/Desktop/Architucture Micro Service/Gestion_de_budget/src/main/java/org/example/gestion_de_budget/service/SalaryService.java:[33,15] cannot find symbol
[ERROR]   symbol:   method setDescription(java.lang.String)
[ERROR]   location: variable salary of type org.example.gestion_de_budget.model.Salary
[ERROR] /C:/Users/User/OneDrive/Desktop/Architucture Micro Service/Gestion_de_budget/src/main/java/org/example/gestion_de_budget/service/SalaryService.java:[34,15] cannot find symbol
[ERROR]   symbol:   method setUser(org.example.gestion_de_budget.model.User)
[ERROR]   location: variable salary of type org.example.gestion_de_budget.model.Salary
[ERROR] /C:/Users/User/OneDrive/Desktop/Architucture Micro Service/Gestion_de_budget/src/main/java/org/example/gestion_de_budget/service/SalaryService.java:[35,15] cannot find symbol
[ERROR]   symbol:   method setDate(java.time.LocalDate)
[ERROR]   location: variable salary of type org.example.gestion_de_budget.model.Salary
[ERROR] /C:/Users/User/OneDrive/Desktop/Architucture Micro Service/Gestion_de_budget/src/main/java/org/example/gestion_de_budget/service/SalaryService.java:[43,22] invalid method reference
[ERROR]   cannot find symbol
[ERROR]     symbol:   method getAmount()
[ERROR]     location: class org.example.gestion_de_budget.model.Salary
[ERROR] /C:/Users/User/OneDrive/Desktop/Architucture Micro Service/Gestion_de_budget/src/main/java/org/example/gestion_de_budget/service/SalaryService.java:[49,15] cannot find symbol
[ERROR]   symbol:   method setRemainingSalary(java.math.BigDecimal)
[ERROR]   location: variable salary of type org.example.gestion_de_budget.model.Salary
[ERROR] /C:/Users/User/OneDrive/Desktop/Architucture Micro Service/Gestion_de_budget/src/main/java/org/example/gestion_de_budget/service/CategoryService.java:[34,41] cannot find symbol
[ERROR]   symbol:   method getName()
[ERROR]   location: variable categoryDetails of type org.example.gestion_de_budget.model.Category
[ERROR] /C:/Users/User/OneDrive/Desktop/Architucture Micro Service/Gestion_de_budget/src/main/java/org/example/gestion_de_budget/service/CategoryService.java:[35,41] cannot find symbol
[ERROR]   symbol:   method getType()
[ERROR]   location: variable categoryDetails of type org.example.gestion_de_budget.model.Category
[ERROR] /C:/Users/User/OneDrive/Desktop/Architucture Micro Service/Gestion_de_budget/src/main/java/org/example/gestion_de_budget/service/CategoryService.java:[45,36] cannot find symbol
[ERROR]   symbol:   method getMonthlyLimit()
[ERROR]   location: variable category of type org.example.gestion_de_budget.model.Category
[ERROR] -> [Help 1]
org.apache.maven.lifecycle.LifecycleExecutionException: Failed to execute goal org.apache.maven.plugins:maven-compiler-plugin:3.14.1:compile (default-compile) on project Gestion_de_budget: Compilation failure
    at org.apache.maven.lifecycle.internal.MojoExecutor.doExecute2 (MojoExecutor.java:333)
    at org.apache.maven.lifecycle.internal.MojoExecutor.doExecute (MojoExecutor.java:316)
    at org.apache.maven.lifecycle.internal.MojoExecutor.execute (MojoExecutor.java:212)
    at org.apache.maven.lifecycle.internal.MojoExecutor.execute (MojoExecutor.java:174)
    at org.apache.maven.lifecycle.internal.MojoExecutor.access$000 (MojoExecutor.java:75)
    at org.apache.maven.lifecycle.internal.MojoExecutor$1.run (MojoExecutor.java:162)
    at org.apache.maven.plugin.DefaultMojosExecutionStrategy.execute (DefaultMojosExecutionStrategy.java:39)
    at org.apache.maven.lifecycle.internal.MojoExecutor.execute (MojoExecutor.java:159)
    at org.apache.maven.lifecycle.internal.LifecycleModuleBuilder.buildProject (LifecycleModuleBuilder.java:105)
    at org.apache.maven.lifecycle.internal.LifecycleModuleBuilder.buildProject (LifecycleModuleBuilder.java:73)
    at org.apache.maven.lifecycle.internal.builder.singlethreaded.SingleThreadedBuilder.build (SingleThreadedBuilder.java:53)
    at org.apache.maven.lifecycle.internal.LifecycleStarter.execute (LifecycleStarter.java:118)
    at org.apache.maven.DefaultMaven.doExecute (DefaultMaven.java:261)
    at org.apache.maven.DefaultMaven.doExecute (DefaultMaven.java:173)
    at org.apache.maven.DefaultMaven.execute (DefaultMaven.java:101)
    at org.apache.maven.cli.MavenCli.execute (MavenCli.java:919)
    at org.apache.maven.cli.MavenCli.doMain (MavenCli.java:285)
    at org.apache.maven.cli.MavenCli.main (MavenCli.java:207)
    at jdk.internal.reflect.DirectMethodHandleAccessor.invoke (DirectMethodHandleAccessor.java:103)
    at java.lang.reflect.Method.invoke (Method.java:580)
    at org.codehaus.plexus.classworlds.launcher.Launcher.launchEnhanced (Launcher.java:255)
    at org.codehaus.plexus.classworlds.launcher.Launcher.launch (Launcher.java:201)
    at org.codehaus.plexus.classworlds.launcher.Launcher.mainWithExitCode (Launcher.java:361)
    at org.codehaus.plexus.classworlds.launcher.Launcher.main (Launcher.java:314)
Caused by: org.apache.maven.plugin.compiler.CompilationFailureException: Compilation failure
    at org.apache.maven.plugin.compiler.AbstractCompilerMojo.executeReal (AbstractCompilerMojo.java:1318)
    at org.apache.maven.plugin.compiler.AbstractCompilerMojo.execute (AbstractCompilerMojo.java:708)
    at org.apache.maven.plugin.compiler.CompilerMojo.execute (CompilerMojo.java:235)
    at org.apache.maven.plugin.DefaultBuildPluginManager.executeMojo (DefaultBuildPluginManager.java:126)
    at org.apache.maven.lifecycle.internal.MojoExecutor.doExecute2 (MojoExecutor.java:328)
    at org.apache.maven.lifecycle.internal.MojoExecutor.doExecute (MojoExecutor.java:316)
    at org.apache.maven.lifecycle.internal.MojoExecutor.execute (MojoExecutor.java:212)
    at org.apache.maven.lifecycle.internal.MojoExecutor.execute (MojoExecutor.java:174)
    at org.apache.maven.lifecycle.internal.MojoExecutor.access$000 (MojoExecutor.java:75)
    at org.apache.maven.lifecycle.internal.MojoExecutor$1.run (MojoExecutor.java:162)
    at org.apache.maven.plugin.DefaultMojosExecutionStrategy.execute (DefaultMojosExecutionStrategy.java:39)
    at org.apache.maven.lifecycle.internal.MojoExecutor.execute (MojoExecutor.java:159)
    at org.apache.maven.lifecycle.internal.LifecycleModuleBuilder.buildProject (LifecycleModuleBuilder.java:105)
    at org.apache.maven.lifecycle.internal.LifecycleModuleBuilder.buildProject (LifecycleModuleBuilder.java:73)
    at org.apache.maven.lifecycle.internal.builder.singlethreaded.SingleThreadedBuilder.build (SingleThreadedBuilder.java:53)
    at org.apache.maven.lifecycle.internal.LifecycleStarter.execute (LifecycleStarter.java:118)
    at org.apache.maven.DefaultMaven.doExecute (DefaultMaven.java:261)
    at org.apache.maven.DefaultMaven.doExecute (DefaultMaven.java:173)
    at org.apache.maven.DefaultMaven.execute (DefaultMaven.java:101)
    at org.apache.maven.cli.MavenCli.execute (MavenCli.java:919)
    at org.apache.maven.cli.MavenCli.doMain (MavenCli.java:285)
    at org.apache.maven.cli.MavenCli.main (MavenCli.java:207)
    at jdk.internal.reflect.DirectMethodHandleAccessor.invoke (DirectMethodHandleAccessor.java:103)
    at java.lang.reflect.Method.invoke (Method.java:580)
    at org.codehaus.plexus.classworlds.launcher.Launcher.launchEnhanced (Launcher.java:255)
    at org.codehaus.plexus.classworlds.launcher.Launcher.launch (Launcher.java:201)
    at org.codehaus.plexus.classworlds.launcher.Launcher.mainWithExitCode (Launcher.java:361)
    at org.codehaus.plexus.classworlds.launcher.Launcher.main (Launcher.java:314)
[ERROR] 
[ERROR] Re-run Maven using the -X switch to enable full debug logging.
[ERROR] 
[ERROR] For more information about the errors and possible solutions, please read the following articles:
[ERROR] [Help 1] http://cwiki.apache.org/confluence/display/MAVEN/MojoFailureException
